[  0%] Built target _grid_map_msgs_generate_messages_check_deps_ProcessFile
[  0%] Built target std_msgs_generate_messages_py
[  0%] Built target geometry_msgs_generate_messages_py
[  0%] Built target _grid_map_msgs_generate_messages_check_deps_GridMapInfo
[  0%] Built target _grid_map_msgs_generate_messages_check_deps_SetGridMap
[  0%] Built target _grid_map_msgs_generate_messages_check_deps_GridMap
[  0%] Built target _grid_map_msgs_generate_messages_check_deps_GetGridMapInfo
[  0%] Built target _grid_map_msgs_generate_messages_check_deps_GetGridMap
[  0%] Built target std_msgs_generate_messages_cpp
[  0%] Built target std_msgs_generate_messages_eus
[  0%] Built target geometry_msgs_generate_messages_cpp
[  0%] Built target geometry_msgs_generate_messages_eus
[  0%] Built target std_msgs_generate_messages_lisp
[  0%] Built target geometry_msgs_generate_messages_lisp
[  0%] Built target std_msgs_generate_messages_nodejs
[  0%] Built target geometry_msgs_generate_messages_nodejs
[ 24%] Built target grid_map_msgs_generate_messages_py
[ 42%] Built target grid_map_msgs_generate_messages_cpp
[ 63%] Built target grid_map_msgs_generate_messages_eus
[ 81%] Built target grid_map_msgs_generate_messages_lisp
[100%] Built target grid_map_msgs_generate_messages_nodejs
[100%] Built target grid_map_msgs_generate_messages
