Symlinking /home/david/Desktop/SLAM_project/devel/share/gennodejs/ros/grid_map_msgs/_index.js
Symlinking /home/david/Desktop/SLAM_project/devel/share/gennodejs/ros/grid_map_msgs/srv/GetGridMap.js
Symlinking /home/david/Desktop/SLAM_project/devel/share/gennodejs/ros/grid_map_msgs/srv/ProcessFile.js
Symlinking /home/david/Desktop/SLAM_project/devel/share/gennodejs/ros/grid_map_msgs/srv/_index.js
Symlinking /home/david/Desktop/SLAM_project/devel/share/gennodejs/ros/grid_map_msgs/srv/GetGridMapInfo.js
Symlinking /home/david/Desktop/SLAM_project/devel/share/gennodejs/ros/grid_map_msgs/srv/SetGridMap.js
Symlinking /home/david/Desktop/SLAM_project/devel/share/gennodejs/ros/grid_map_msgs/msg/_index.js
Symlinking /home/david/Desktop/SLAM_project/devel/share/gennodejs/ros/grid_map_msgs/msg/GridMapInfo.js
Symlinking /home/david/Desktop/SLAM_project/devel/share/gennodejs/ros/grid_map_msgs/msg/GridMap.js
Symlinking /home/david/Desktop/SLAM_project/devel/share/grid_map_msgs/cmake/grid_map_msgsConfig.cmake
Symlinking /home/david/Desktop/SLAM_project/devel/share/grid_map_msgs/cmake/grid_map_msgsConfig-version.cmake
Symlinking /home/david/Desktop/SLAM_project/devel/share/grid_map_msgs/cmake/grid_map_msgs-msg-paths.cmake
Symlinking /home/david/Desktop/SLAM_project/devel/share/grid_map_msgs/cmake/grid_map_msgs-msg-extras.cmake
Symlinking /home/david/Desktop/SLAM_project/devel/share/common-lisp/ros/grid_map_msgs/srv/_package_GetGridMap.lisp
Symlinking /home/david/Desktop/SLAM_project/devel/share/common-lisp/ros/grid_map_msgs/srv/SetGridMap.lisp
Symlinking /home/david/Desktop/SLAM_project/devel/share/common-lisp/ros/grid_map_msgs/srv/GetGridMapInfo.lisp
Symlinking /home/david/Desktop/SLAM_project/devel/share/common-lisp/ros/grid_map_msgs/srv/grid_map_msgs-srv.asd
Symlinking /home/david/Desktop/SLAM_project/devel/share/common-lisp/ros/grid_map_msgs/srv/ProcessFile.lisp
Symlinking /home/david/Desktop/SLAM_project/devel/share/common-lisp/ros/grid_map_msgs/srv/_package_SetGridMap.lisp
Symlinking /home/david/Desktop/SLAM_project/devel/share/common-lisp/ros/grid_map_msgs/srv/_package.lisp
Symlinking /home/david/Desktop/SLAM_project/devel/share/common-lisp/ros/grid_map_msgs/srv/_package_ProcessFile.lisp
Symlinking /home/david/Desktop/SLAM_project/devel/share/common-lisp/ros/grid_map_msgs/srv/_package_GetGridMapInfo.lisp
Symlinking /home/david/Desktop/SLAM_project/devel/share/common-lisp/ros/grid_map_msgs/srv/GetGridMap.lisp
Symlinking /home/david/Desktop/SLAM_project/devel/share/common-lisp/ros/grid_map_msgs/msg/GridMapInfo.lisp
Symlinking /home/david/Desktop/SLAM_project/devel/share/common-lisp/ros/grid_map_msgs/msg/GridMap.lisp
Symlinking /home/david/Desktop/SLAM_project/devel/share/common-lisp/ros/grid_map_msgs/msg/_package.lisp
Symlinking /home/david/Desktop/SLAM_project/devel/share/common-lisp/ros/grid_map_msgs/msg/_package_GridMap.lisp
Symlinking /home/david/Desktop/SLAM_project/devel/share/common-lisp/ros/grid_map_msgs/msg/grid_map_msgs-msg.asd
Symlinking /home/david/Desktop/SLAM_project/devel/share/common-lisp/ros/grid_map_msgs/msg/_package_GridMapInfo.lisp
Symlinking /home/david/Desktop/SLAM_project/devel/share/roseus/ros/grid_map_msgs/manifest.l
Symlinking /home/david/Desktop/SLAM_project/devel/share/roseus/ros/grid_map_msgs/srv/ProcessFile.l
Symlinking /home/david/Desktop/SLAM_project/devel/share/roseus/ros/grid_map_msgs/srv/GetGridMapInfo.l
Symlinking /home/david/Desktop/SLAM_project/devel/share/roseus/ros/grid_map_msgs/srv/GetGridMap.l
Symlinking /home/david/Desktop/SLAM_project/devel/share/roseus/ros/grid_map_msgs/srv/SetGridMap.l
Symlinking /home/david/Desktop/SLAM_project/devel/share/roseus/ros/grid_map_msgs/msg/GridMapInfo.l
Symlinking /home/david/Desktop/SLAM_project/devel/share/roseus/ros/grid_map_msgs/msg/GridMap.l
Symlinking /home/david/Desktop/SLAM_project/devel/include/grid_map_msgs/GridMap.h
Symlinking /home/david/Desktop/SLAM_project/devel/include/grid_map_msgs/GetGridMap.h
Symlinking /home/david/Desktop/SLAM_project/devel/include/grid_map_msgs/GetGridMapResponse.h
Symlinking /home/david/Desktop/SLAM_project/devel/include/grid_map_msgs/SetGridMap.h
Symlinking /home/david/Desktop/SLAM_project/devel/include/grid_map_msgs/GridMapInfo.h
Symlinking /home/david/Desktop/SLAM_project/devel/include/grid_map_msgs/GetGridMapRequest.h
Symlinking /home/david/Desktop/SLAM_project/devel/include/grid_map_msgs/GetGridMapInfo.h
Symlinking /home/david/Desktop/SLAM_project/devel/include/grid_map_msgs/ProcessFileRequest.h
Symlinking /home/david/Desktop/SLAM_project/devel/include/grid_map_msgs/SetGridMapRequest.h
Symlinking /home/david/Desktop/SLAM_project/devel/include/grid_map_msgs/ProcessFileResponse.h
Symlinking /home/david/Desktop/SLAM_project/devel/include/grid_map_msgs/GetGridMapInfoResponse.h
Symlinking /home/david/Desktop/SLAM_project/devel/include/grid_map_msgs/ProcessFile.h
Symlinking /home/david/Desktop/SLAM_project/devel/include/grid_map_msgs/SetGridMapResponse.h
Symlinking /home/david/Desktop/SLAM_project/devel/include/grid_map_msgs/GetGridMapInfoRequest.h
Symlinking /home/david/Desktop/SLAM_project/devel/lib/python3/dist-packages/grid_map_msgs/__init__.py
Symlinking /home/david/Desktop/SLAM_project/devel/lib/python3/dist-packages/grid_map_msgs/srv/_ProcessFile.py
Symlinking /home/david/Desktop/SLAM_project/devel/lib/python3/dist-packages/grid_map_msgs/srv/_GetGridMapInfo.py
Symlinking /home/david/Desktop/SLAM_project/devel/lib/python3/dist-packages/grid_map_msgs/srv/_SetGridMap.py
Symlinking /home/david/Desktop/SLAM_project/devel/lib/python3/dist-packages/grid_map_msgs/srv/__init__.py
Symlinking /home/david/Desktop/SLAM_project/devel/lib/python3/dist-packages/grid_map_msgs/srv/_GetGridMap.py
Symlinking /home/david/Desktop/SLAM_project/devel/lib/python3/dist-packages/grid_map_msgs/msg/_GridMap.py
Symlinking /home/david/Desktop/SLAM_project/devel/lib/python3/dist-packages/grid_map_msgs/msg/_GridMapInfo.py
Symlinking /home/david/Desktop/SLAM_project/devel/lib/python3/dist-packages/grid_map_msgs/msg/__init__.py
Symlinking /home/david/Desktop/SLAM_project/devel/lib/pkgconfig/grid_map_msgs.pc
