[ 25%] Built target grid_map_sdf
[ 33%] [32mBuilding CXX object gtest/googletest/CMakeFiles/gtest.dir/src/gtest-all.cc.o[0m
Removing test result files from '/home/david/Desktop/SLAM_project/build/grid_map_sdf/test_results/grid_map_sdf'
[ 33%] Built target clean_test_results_grid_map_sdf
[ 41%] [32m[1mLinking CXX shared library ../lib/libgtest.so[0m
[ 41%] Built target gtest
[ 58%] [32mBuilding CXX object CMakeFiles/grid_map_sdf-test.dir/test/test3dLookup.cpp.o[0m
[ 66%] [32mBuilding CXX object CMakeFiles/grid_map_sdf-test.dir/test/testDerivatives.cpp.o[0m
[ 66%] [32mBuilding CXX object CMakeFiles/grid_map_sdf-test.dir/test/test_grid_map_sdf.cpp.o[0m
[ 75%] [32mBuilding CXX object CMakeFiles/grid_map_sdf-test.dir/test/testPixelBorderDistance.cpp.o[0m
[ 83%] [32mBuilding CXX object CMakeFiles/grid_map_sdf-test.dir/test/testSignedDistance2d.cpp.o[0m
[ 91%] [32mBuilding CXX object CMakeFiles/grid_map_sdf-test.dir/test/testSignedDistance3d.cpp.o[0m
[100%] [32m[1mLinking CXX executable /home/david/Desktop/SLAM_project/devel/.private/grid_map_sdf/lib/grid_map_sdf/grid_map_sdf-test[0m
[100%] Built target grid_map_sdf-test
[100%] Built target tests
-- run_tests.py: execute commands
  /home/david/Desktop/SLAM_project/devel/.private/grid_map_sdf/lib/grid_map_sdf/grid_map_sdf-test --gtest_output=xml:/home/david/Desktop/SLAM_project/build/grid_map_sdf/test_results/grid_map_sdf/gtest-grid_map_sdf-test.xml
[0;32m[==========] [mRunning 18 tests from 5 test suites.
[0;32m[----------] [mGlobal test environment set-up.
[0;32m[----------] [m2 tests from testGridmap3dLookup
[0;32m[ RUN      ] [mtestGridmap3dLookup.nearestNode
[0;32m[       OK ] [mtestGridmap3dLookup.nearestNode (0 ms)
[0;32m[ RUN      ] [mtestGridmap3dLookup.linearIndex
[0;32m[       OK ] [mtestGridmap3dLookup.linearIndex (0 ms)
[0;32m[----------] [m2 tests from testGridmap3dLookup (0 ms total)

[0;32m[----------] [m1 test from testDerivatives
[0;32m[ RUN      ] [mtestDerivatives.columnwise
[0;32m[       OK ] [mtestDerivatives.columnwise (0 ms)
[0;32m[----------] [m1 test from testDerivatives (0 ms total)

[0;32m[----------] [m3 tests from testPixelBorderDistance
[0;32m[ RUN      ] [mtestPixelBorderDistance.distanceFunction
[0;32m[       OK ] [mtestPixelBorderDistance.distanceFunction (0 ms)
[0;32m[ RUN      ] [mtestPixelBorderDistance.equidistantPoint
[0;32m[       OK ] [mtestPixelBorderDistance.equidistantPoint (1 ms)
[0;32m[ RUN      ] [mtestPixelBorderDistance.equidistantPointInfCases
[0;32m[       OK ] [mtestPixelBorderDistance.equidistantPointInfCases (0 ms)
[0;32m[----------] [m3 tests from testPixelBorderDistance (1 ms total)

[0;32m[----------] [m7 tests from testSignedDistance2d
[0;32m[ RUN      ] [mtestSignedDistance2d.signedDistance2d_noObstacles
[0;32m[       OK ] [mtestSignedDistance2d.signedDistance2d_noObstacles (8 ms)
[0;32m[ RUN      ] [mtestSignedDistance2d.signedDistance2d_allObstacles
[0;32m[       OK ] [mtestSignedDistance2d.signedDistance2d_allObstacles (0 ms)
[0;32m[ RUN      ] [mtestSignedDistance2d.signedDistance2d_mixed
[0;32m[       OK ] [mtestSignedDistance2d.signedDistance2d_mixed (0 ms)
[0;32m[ RUN      ] [mtestSignedDistance2d.signedDistance2d_oneObstacle
[0;32m[       OK ] [mtestSignedDistance2d.signedDistance2d_oneObstacle (1 ms)
[0;32m[ RUN      ] [mtestSignedDistance2d.signedDistance2d_oneFreeSpace
[0;32m[       OK ] [mtestSignedDistance2d.signedDistance2d_oneFreeSpace (0 ms)
[0;32m[ RUN      ] [mtestSignedDistance2d.signedDistance2d_debugcase
[0;32m[       OK ] [mtestSignedDistance2d.signedDistance2d_debugcase (0 ms)
[0;32m[ RUN      ] [mtestSignedDistance2d.signedDistance2d_random
[0;32m[       OK ] [mtestSignedDistance2d.signedDistance2d_random (34 ms)
[0;32m[----------] [m7 tests from testSignedDistance2d (43 ms total)

[0;32m[----------] [m5 tests from testSignedDistance3d
[0;32m[ RUN      ] [mtestSignedDistance3d.flatTerrain
[0;32m[       OK ] [mtestSignedDistance3d.flatTerrain (0 ms)
[0;32m[ RUN      ] [mtestSignedDistance3d.randomTerrain
[0;32m[       OK ] [mtestSignedDistance3d.randomTerrain (72 ms)
[0;32m[ RUN      ] [mtestSignedDistance3d.randomTerrainInterpolation
[0;32m[       OK ] [mtestSignedDistance3d.randomTerrainInterpolation (52 ms)
[0;32m[ RUN      ] [mtestSignedDistance3d.randomTerrainDerivative
[0;32m[       OK ] [mtestSignedDistance3d.randomTerrainDerivative (18 ms)
[0;32m[ RUN      ] [mtestSignedDistance3d.extrapolation
[0;32m[       OK ] [mtestSignedDistance3d.extrapolation (62 ms)
[0;32m[----------] [m5 tests from testSignedDistance3d (208 ms total)

[0;32m[----------] [mGlobal test environment tear-down
[0;32m[==========] [m18 tests from 5 test suites ran. (254 ms total)
[0;32m[  PASSED  ] [m18 tests.
-- run_tests.py: verify result "/home/david/Desktop/SLAM_project/build/grid_map_sdf/test_results/grid_map_sdf/gtest-grid_map_sdf-test.xml"
[100%] Built target _run_tests_grid_map_sdf_gtest_grid_map_sdf-test
[100%] Built target _run_tests_grid_map_sdf_gtest
[100%] Built target _run_tests_grid_map_sdf
[100%] Built target run_tests
