[  0%] Built target geometry_msgs_generate_messages_py
[  0%] Built target _kindr_msgs_generate_messages_check_deps_VectorAtPosition
[  0%] Built target std_msgs_generate_messages_py
[  0%] Built target geometry_msgs_generate_messages_cpp
[  0%] Built target std_msgs_generate_messages_cpp
[  0%] Built target geometry_msgs_generate_messages_eus
[  0%] Built target std_msgs_generate_messages_eus
[  0%] Built target geometry_msgs_generate_messages_lisp
[  0%] Built target std_msgs_generate_messages_lisp
[  0%] Built target geometry_msgs_generate_messages_nodejs
[  0%] Built target std_msgs_generate_messages_nodejs
[ 14%] [34m[1mGenerating C++ code from kindr_msgs/VectorAtPosition.msg[0m
[ 28%] [34m[1mGenerating Python from MSG kindr_msgs/VectorAtPosition[0m
[ 28%] Built target kindr_msgs_generate_messages_cpp
[ 42%] [34m[1mGenerating EusLisp code from kindr_msgs/VectorAtPosition.msg[0m
[ 57%] [34m[1mGenerating Python msg __init__.py for kindr_msgs[0m
[ 71%] [34m[1mGenerating EusLisp manifest code for kindr_msgs[0m
[ 71%] Built target kindr_msgs_generate_messages_py
[ 85%] [34m[1mGenerating Lisp code from kindr_msgs/VectorAtPosition.msg[0m
[ 85%] Built target kindr_msgs_generate_messages_lisp
[100%] [34m[1mGenerating Javascript code from kindr_msgs/VectorAtPosition.msg[0m
[100%] Built target kindr_msgs_generate_messages_nodejs
[100%] Built target kindr_msgs_generate_messages_eus
[100%] Built target kindr_msgs_generate_messages
