[  9%] [34m[1mAutomatic MOC for target grid_map_rviz_plugin[0m
[  9%] Built target grid_map_rviz_plugin_autogen
[ 18%] [34m[1mGenerating include/grid_map_rviz_plugin/modified/moc_message_filter_display.cpp[0m
[ 27%] [34m[1mGenerating include/grid_map_rviz_plugin/moc_GridMapDisplay.cpp[0m
[ 36%] [34m[1mGenerating include/grid_map_rviz_plugin/modified/moc_frame_manager.cpp[0m
[ 45%] [32mBuilding CXX object CMakeFiles/grid_map_rviz_plugin.dir/grid_map_rviz_plugin_autogen/mocs_compilation.cpp.o[0m
[ 54%] [32mBuilding CXX object CMakeFiles/grid_map_rviz_plugin.dir/src/GridMapDisplay.cpp.o[0m
In file included from [01m[K/home/david/Desktop/SLAM_project/src/grid_map/grid_map_rviz_plugin/src/GridMapDisplay.cpp:11[m[K:
[01m[K/home/david/Desktop/SLAM_project/src/grid_map/grid_map_rviz_plugin/include/grid_map_rviz_plugin/GridMapColorMaps.hpp:48:26:[m[K [01;35m[Kwarning: [m[K‘[01m[KOgre::ColourValue grid_map_rviz_plugin::getColorMap(float, const std::vector<std::vector<float> >&)[m[K’ defined but not used [[01;35m[K-Wunused-function[m[K]
   48 | static Ogre::ColourValue [01;35m[KgetColorMap[m[K(float intensity, const std::vector<std::vector<float>>& ctable) {
      |                          [01;35m[K^~~~~~~~~~~[m[K
[ 63%] [32mBuilding CXX object CMakeFiles/grid_map_rviz_plugin.dir/src/GridMapVisual.cpp.o[0m
[ 72%] [32mBuilding CXX object CMakeFiles/grid_map_rviz_plugin.dir/include/grid_map_rviz_plugin/moc_GridMapDisplay.cpp.o[0m
In file included from [01m[K/home/david/Desktop/SLAM_project/src/grid_map/grid_map_rviz_plugin/src/GridMapVisual.cpp:28[m[K:
[01m[K/home/david/Desktop/SLAM_project/src/grid_map/grid_map_rviz_plugin/include/grid_map_rviz_plugin/GridMapColorMaps.hpp:67:33:[m[K [01;35m[Kwarning: [m[K‘[01m[Kstd::vector<std::__cxx11::basic_string<char> > grid_map_rviz_plugin::getColorMapNames()[m[K’ defined but not used [[01;35m[K-Wunused-function[m[K]
   67 | static std::vector<std::string> [01;35m[KgetColorMapNames[m[K() {
      |                                 [01;35m[K^~~~~~~~~~~~~~~~[m[K
[ 81%] [32mBuilding CXX object CMakeFiles/grid_map_rviz_plugin.dir/include/grid_map_rviz_plugin/modified/moc_message_filter_display.cpp.o[0m
[ 90%] [32mBuilding CXX object CMakeFiles/grid_map_rviz_plugin.dir/include/grid_map_rviz_plugin/modified/moc_frame_manager.cpp.o[0m
[100%] [32m[1mLinking CXX shared library /home/david/Desktop/SLAM_project/devel/.private/grid_map_rviz_plugin/lib/libgrid_map_rviz_plugin.so[0m
[100%] Built target grid_map_rviz_plugin
