[ 11%] [32mBuilding CXX object gtest/googletest/CMakeFiles/gtest.dir/src/gtest-all.cc.o[0m
Removing test result files from '/home/david/Desktop/SLAM_project/build/message_logger/test_results/message_logger'
[ 11%] Built target clean_test_results_message_logger
[ 44%] Built target message_logger
[ 55%] [32m[1mLinking CXX shared library ../lib/libgtest.so[0m
[ 55%] Built target gtest
[ 66%] [32mBuilding CXX object gtest/googletest/CMakeFiles/gtest_main.dir/src/gtest_main.cc.o[0m
[ 77%] [32m[1mLinking CXX shared library ../lib/libgtest_main.so[0m
[ 77%] Built target gtest_main
[ 88%] [32mBuilding CXX object CMakeFiles/test_message_logger.dir/test/EmptyTests.cpp.o[0m
[100%] [32m[1mLinking CXX executable /home/david/Desktop/SLAM_project/devel/.private/message_logger/lib/message_logger/test_message_logger[0m
[100%] Built target test_message_logger
[100%] Built target tests
-- run_tests.py: execute commands with working directory "/home/david/Desktop/SLAM_project/src/message_logger/test"
  /home/david/Desktop/SLAM_project/devel/.private/message_logger/lib/message_logger/test_message_logger --gtest_output=xml:/home/david/Desktop/SLAM_project/build/message_logger/test_results/message_logger/gtest-test_message_logger.xml
Running main() from /usr/src/googletest/googletest/src/gtest_main.cc
[0;32m[==========] [mRunning 1 test from 1 test suite.
[0;32m[----------] [mGlobal test environment set-up.
[0;32m[----------] [m1 test from Placeholder
[0;32m[ RUN      ] [mPlaceholder.emptyTest
[0;32m[       OK ] [mPlaceholder.emptyTest (0 ms)
[0;32m[----------] [m1 test from Placeholder (0 ms total)

[0;32m[----------] [mGlobal test environment tear-down
[0;32m[==========] [m1 test from 1 test suite ran. (0 ms total)
[0;32m[  PASSED  ] [m1 test.
-- run_tests.py: verify result "/home/david/Desktop/SLAM_project/build/message_logger/test_results/message_logger/gtest-test_message_logger.xml"
[100%] Built target _run_tests_message_logger_gtest_test_message_logger
[100%] Built target _run_tests_message_logger_gtest
[100%] Built target _run_tests_message_logger
[100%] Built target run_tests
